Date: 2024-09-07T15:22:49.324Z Type: [INFO] Message: 123-1 Request allowed: User ID 123-1 for /api/v1/task
Date: 2024-09-07T15:22:49.325Z Type: [INFO] Message: 123-1-task completed at-1725722569325
Date: 2024-09-07T15:22:49.332Z Type: [INFO] Message: [Success] User ID: 123-1, ::1 accessed /api/v1/task
Date: 2024-09-07T15:22:50.827Z Type: [INFO] Message: 123-1 Request allowed: User ID 123-1 for /api/v1/task
Date: 2024-09-07T15:22:50.829Z Type: [INFO] Message: 123-1-task completed at-1725722570829
Date: 2024-09-07T15:22:50.832Z Type: [INFO] Message: [Success] User ID: 123-1, ::1 accessed /api/v1/task
Date: 2024-09-07T15:22:52.222Z Type: [INFO] Message: 123-1 Request allowed: User ID 123-1 for /api/v1/task
Date: 2024-09-07T15:22:52.222Z Type: [INFO] Message: 123-1-task completed at-1725722572222
Date: 2024-09-07T15:22:52.223Z Type: [INFO] Message: [Success] User ID: 123-1, ::1 accessed /api/v1/task
Date: 2024-09-07T15:22:53.484Z Type: [INFO] Message: 123-1 Request allowed: User ID 123-1 for /api/v1/task
Date: 2024-09-07T15:22:53.485Z Type: [INFO] Message: 123-1-task completed at-1725722573485
Date: 2024-09-07T15:22:53.489Z Type: [INFO] Message: [Success] User ID: 123-1, ::1 accessed /api/v1/task
Date: 2024-09-07T15:22:54.585Z Type: [WARN] Message: 123-1 Rate limit exceeded: Task queued with Task ID d6942127-a85e-4da9-86fd-4969e041326e
Date: 2024-09-07T15:22:55.626Z Type: [INFO] Message: 123-1 Request allowed: User ID 123-1 for /api/v1/task
Date: 2024-09-07T15:22:55.627Z Type: [INFO] Message: 123-1-task completed at-1725722575627
Date: 2024-09-07T15:22:55.628Z Type: [INFO] Message: [Success] User ID: 123-1, ::1 accessed /api/v1/task
Date: 2024-09-07T15:22:56.848Z Type: [WARN] Message: 123-1 Rate limit exceeded: Task queued with Task ID 6df337dc-15f6-4925-b078-916ef928a2fa
Date: 2024-09-07T15:22:57.271Z Type: [INFO] Message: Processed task d6942127-a85e-4da9-86fd-4969e041326e for 123-1
Date: 2024-09-07T15:22:57.953Z Type: [WARN] Message: 123-1 Rate limit exceeded: Task queued with Task ID b1633571-9173-4054-946d-7f8bd486665e
Date: 2024-09-07T15:22:58.931Z Type: [INFO] Message: 123-1 Request allowed: User ID 123-1 for /api/v1/task
Date: 2024-09-07T15:22:58.932Z Type: [INFO] Message: 123-1-task completed at-1725722578932
Date: 2024-09-07T15:22:58.937Z Type: [INFO] Message: [Success] User ID: 123-1, ::1 accessed /api/v1/task
Date: 2024-09-07T15:22:59.291Z Type: [INFO] Message: Processed task 6df337dc-15f6-4925-b078-916ef928a2fa for 123-1
Date: 2024-09-07T15:23:00.161Z Type: [WARN] Message: 123-1 Rate limit exceeded: Task queued with Task ID 8206c8f8-6986-43cb-a54f-426a3c1b11a3
Date: 2024-09-07T15:23:01.307Z Type: [INFO] Message: Processed task b1633571-9173-4054-946d-7f8bd486665e for 123-1
Date: 2024-09-07T15:23:01.531Z Type: [INFO] Message: Processed task 8206c8f8-6986-43cb-a54f-426a3c1b11a3 for 123-1
Date: 2024-09-07T15:23:02.974Z Type: [INFO] Message: 123-2 Request allowed: User ID 123-2 for /api/v1/task
Date: 2024-09-07T15:23:02.975Z Type: [INFO] Message: 123-2-task completed at-1725722582975
Date: 2024-09-07T15:23:02.976Z Type: [INFO] Message: [Success] User ID: 123-2, ::1 accessed /api/v1/task
Date: 2024-09-07T15:23:04.114Z Type: [WARN] Message: 123-2 Rate limit exceeded: Task queued with Task ID 925decb8-bcb4-4e74-8feb-7c0345ef9a9d
Date: 2024-09-07T15:23:05.315Z Type: [INFO] Message: 123-2 Request allowed: User ID 123-2 for /api/v1/task
Date: 2024-09-07T15:23:05.315Z Type: [INFO] Message: 123-2-task completed at-1725722585315
Date: 2024-09-07T15:23:05.316Z Type: [INFO] Message: [Success] User ID: 123-2, ::1 accessed /api/v1/task
Date: 2024-09-07T15:23:06.566Z Type: [INFO] Message: 123-2 Request allowed: User ID 123-2 for /api/v1/task
Date: 2024-09-07T15:23:06.566Z Type: [INFO] Message: 123-2-task completed at-1725722586566
Date: 2024-09-07T15:23:06.569Z Type: [INFO] Message: [Success] User ID: 123-2, ::1 accessed /api/v1/task
Date: 2024-09-07T15:23:06.822Z Type: [INFO] Message: Processed task 925decb8-bcb4-4e74-8feb-7c0345ef9a9d for 123-2
Date: 2024-09-07T15:23:07.835Z Type: [WARN] Message: 123-2 Rate limit exceeded: Task queued with Task ID ca5441b5-f7fa-4009-9a4f-312e8ee91fc7
Date: 2024-09-07T15:23:08.832Z Type: [INFO] Message: Processed task ca5441b5-f7fa-4009-9a4f-312e8ee91fc7 for 123-2
Date: 2024-09-07T15:23:08.950Z Type: [INFO] Message: 123-2 Request allowed: User ID 123-2 for /api/v1/task
Date: 2024-09-07T15:23:08.950Z Type: [INFO] Message: 123-2-task completed at-1725722588950
Date: 2024-09-07T15:23:08.951Z Type: [INFO] Message: [Success] User ID: 123-2, ::1 accessed /api/v1/task
Date: 2024-09-07T15:26:22.213Z Type: [INFO] Message: Request allowed: User ID 123-2 for /api/v1/task
Date: 2024-09-07T15:26:22.216Z Type: [INFO] Message: 123-2-task completed at-1725722782216
Date: 2024-09-07T15:26:22.221Z Type: [INFO] Message: [Success] User ID: 123-2, ::1 accessed /api/v1/task
Date: 2024-09-07T15:26:23.787Z Type: [WARN] Message: 123-2 Rate limit exceeded: Task queued with Task ID f52435cf-5bff-4567-9315-d1bf7d95fe08
Date: 2024-09-07T15:26:25.166Z Type: [WARN] Message: 123-2 Rate limit exceeded: Task queued with Task ID 9ccd1131-09f2-4a01-9481-b4558cc11dcd
Date: 2024-09-07T15:26:26.505Z Type: [WARN] Message: 123-2 Rate limit exceeded: Task queued with Task ID 747aa982-ec87-4498-a819-bc7de5d14598
Date: 2024-09-07T15:26:27.833Z Type: [WARN] Message: 123-2 Rate limit exceeded: Task queued with Task ID b4cc9f33-7df7-41a6-a727-3471297d25a4
Date: 2024-09-07T15:26:29.205Z Type: [WARN] Message: 123-2 Rate limit exceeded: Task queued with Task ID 83ec8184-cefa-4b1b-b4c2-4724e3f5d009
Date: 2024-09-07T15:26:32.019Z Type: [INFO] Message: Request allowed: User ID 123-1 for /api/v1/task
Date: 2024-09-07T15:26:32.019Z Type: [INFO] Message: 123-1-task completed at-1725722792019
Date: 2024-09-07T15:26:32.020Z Type: [INFO] Message: [Success] User ID: 123-1, ::1 accessed /api/v1/task
Date: 2024-09-07T15:26:32.893Z Type: [INFO] Message: Processed task f52435cf-5bff-4567-9315-d1bf7d95fe08 for 123-2
Date: 2024-09-07T15:26:32.893Z Type: [INFO] Message: Processed task 9ccd1131-09f2-4a01-9481-b4558cc11dcd for 123-2
Date: 2024-09-07T15:26:33.210Z Type: [INFO] Message: Processed task 747aa982-ec87-4498-a819-bc7de5d14598 for 123-2
Date: 2024-09-07T15:26:33.321Z Type: [WARN] Message: 123-1 Rate limit exceeded: Task queued with Task ID 51ddd08b-8d2c-4503-80b2-b0068276c554
Date: 2024-09-07T15:26:34.652Z Type: [WARN] Message: 123-1 Rate limit exceeded: Task queued with Task ID ac9c4fc0-6b06-433d-9487-b73dc44964c9
Date: 2024-09-07T15:26:35.832Z Type: [WARN] Message: 123-1 Rate limit exceeded: Task queued with Task ID 8065024b-d23d-4279-a226-e4f1a458f69a
Date: 2024-09-07T15:26:37.016Z Type: [WARN] Message: 123-1 Rate limit exceeded: Task queued with Task ID 437bbacd-6b57-455c-8e70-80773cc8ccac
Date: 2024-09-07T15:26:38.317Z Type: [WARN] Message: 123-1 Rate limit exceeded: Task queued with Task ID 16e39989-84b7-45e0-87b1-c5529eb62013
Date: 2024-09-07T15:26:42.528Z Type: [INFO] Message: Processed task 51ddd08b-8d2c-4503-80b2-b0068276c554 for 123-1
Date: 2024-09-07T15:26:42.738Z Type: [INFO] Message: Processed task ac9c4fc0-6b06-433d-9487-b73dc44964c9 for 123-1
Date: 2024-09-07T15:26:43.988Z Type: [INFO] Message: Processed task b4cc9f33-7df7-41a6-a727-3471297d25a4 for 123-2
Date: 2024-09-07T15:26:43.990Z Type: [INFO] Message: Processed task 83ec8184-cefa-4b1b-b4c2-4724e3f5d009 for 123-2
Date: 2024-09-07T15:26:53.458Z Type: [INFO] Message: Processed task 8065024b-d23d-4279-a226-e4f1a458f69a for 123-1
Date: 2024-09-07T15:26:53.626Z Type: [INFO] Message: Processed task 437bbacd-6b57-455c-8e70-80773cc8ccac for 123-1
Date: 2024-09-07T15:26:53.824Z Type: [INFO] Message: Processed task 16e39989-84b7-45e0-87b1-c5529eb62013 for 123-1
Date: 2024-09-07T15:29:58.798Z Type: [INFO] Message: Request allowed: User ID 123-1 for /api/v1/task
Date: 2024-09-07T15:29:58.799Z Type: [INFO] Message: 123-1-task completed at-1725722998799
Date: 2024-09-07T15:29:58.802Z Type: [INFO] Message: [Success] User ID: 123-1, ::1 accessed /api/v1/task
Date: 2024-09-07T15:30:00.252Z Type: [WARN] Message: 123-1 Rate limit exceeded: Task queued with Task ID fe0926a8-5ac6-45c6-a4f6-f0acc7366dd9
Date: 2024-09-07T15:30:01.569Z Type: [WARN] Message: 123-1 Rate limit exceeded: Task queued with Task ID 8d578b4b-b154-47e5-a20c-432e1c66ea95
Date: 2024-09-07T15:30:02.876Z Type: [WARN] Message: 123-1 Rate limit exceeded: Task queued with Task ID ad4e36a9-130e-4445-ba7b-d0f64d817389
Date: 2024-09-07T15:30:04.205Z Type: [WARN] Message: 123-1 Rate limit exceeded: Task queued with Task ID 1c3723bb-aed8-42ed-b327-32f70084dfff
Date: 2024-09-07T15:30:07.121Z Type: [INFO] Message: Request allowed: User ID 123-2 for /api/v1/task
Date: 2024-09-07T15:30:07.121Z Type: [INFO] Message: 123-2-task completed at-1725723007121
Date: 2024-09-07T15:30:07.122Z Type: [INFO] Message: [Success] User ID: 123-2, ::1 accessed /api/v1/task
Date: 2024-09-07T15:30:08.478Z Type: [WARN] Message: 123-2 Rate limit exceeded: Task queued with Task ID 3fd19a9d-29c1-4bfd-adeb-b4c534966547
Date: 2024-09-07T15:30:09.314Z Type: [INFO] Message: Processed task fe0926a8-5ac6-45c6-a4f6-f0acc7366dd9 for 123-1
Date: 2024-09-07T15:30:09.585Z Type: [INFO] Message: Processed task 8d578b4b-b154-47e5-a20c-432e1c66ea95 for 123-1
Date: 2024-09-07T15:30:09.835Z Type: [WARN] Message: 123-2 Rate limit exceeded: Task queued with Task ID 3a84972a-5f2e-4a44-9c79-77c2fc039a1c
Date: 2024-09-07T15:30:11.018Z Type: [WARN] Message: 123-2 Rate limit exceeded: Task queued with Task ID c140824d-e112-4b40-a18d-279b3291600b
Date: 2024-09-07T15:30:17.581Z Type: [INFO] Message: Processed task 3fd19a9d-29c1-4bfd-adeb-b4c534966547 for 123-2
Date: 2024-09-07T15:30:17.751Z Type: [INFO] Message: Processed task 3a84972a-5f2e-4a44-9c79-77c2fc039a1c for 123-2
Date: 2024-09-07T15:30:20.082Z Type: [INFO] Message: Processed task ad4e36a9-130e-4445-ba7b-d0f64d817389 for 123-1
Date: 2024-09-07T15:30:20.401Z Type: [INFO] Message: Processed task 1c3723bb-aed8-42ed-b327-32f70084dfff for 123-1
Date: 2024-09-07T15:30:28.313Z Type: [INFO] Message: Processed task c140824d-e112-4b40-a18d-279b3291600b for 123-2
