d6942127-a85e-4da9-86fd-4969e041326e-task completed at-2024-09-07T15:22:54.360Z
6df337dc-15f6-4925-b078-916ef928a2fa-task completed at-2024-09-07T15:22:56.624Z
b1633571-9173-4054-946d-7f8bd486665e-task completed at-2024-09-07T15:22:57.729Z
8206c8f8-6986-43cb-a54f-426a3c1b11a3-task completed at-2024-09-07T15:22:59.940Z
925decb8-bcb4-4e74-8feb-7c0345ef9a9d-task completed at-2024-09-07T15:23:03.888Z
ca5441b5-f7fa-4009-9a4f-312e8ee91fc7-task completed at-2024-09-07T15:23:07.611Z
f52435cf-5bff-4567-9315-d1bf7d95fe08-task completed at-2024-09-07T15:26:23.572Z
9ccd1131-09f2-4a01-9481-b4558cc11dcd-task completed at-2024-09-07T15:26:24.948Z
747aa982-ec87-4498-a819-bc7de5d14598-task completed at-2024-09-07T15:26:26.286Z
51ddd08b-8d2c-4503-80b2-b0068276c554-task completed at-2024-09-07T15:26:33.106Z
ac9c4fc0-6b06-433d-9487-b73dc44964c9-task completed at-2024-09-07T15:26:34.434Z
b4cc9f33-7df7-41a6-a727-3471297d25a4-task completed at-2024-09-07T15:26:27.615Z
83ec8184-cefa-4b1b-b4c2-4724e3f5d009-task completed at-2024-09-07T15:26:28.987Z
8065024b-d23d-4279-a226-e4f1a458f69a-task completed at-2024-09-07T15:26:35.617Z
437bbacd-6b57-455c-8e70-80773cc8ccac-task completed at-2024-09-07T15:26:36.798Z
16e39989-84b7-45e0-87b1-c5529eb62013-task completed at-2024-09-07T15:26:38.094Z
User_ID:123-1 Task_ID:fe0926a8-5ac6-45c6-a4f6-f0acc7366dd9 Task completed at:2024-09-07T15:30:00.028Z
User_ID:123-1 Task_ID:8d578b4b-b154-47e5-a20c-432e1c66ea95 Task completed at:2024-09-07T15:30:01.345Z
User_ID:123-2 Task_ID:3fd19a9d-29c1-4bfd-adeb-b4c534966547 Task completed at:2024-09-07T15:30:08.258Z
User_ID:123-2 Task_ID:3a84972a-5f2e-4a44-9c79-77c2fc039a1c Task completed at:2024-09-07T15:30:09.613Z
User_ID:123-1 Task_ID:ad4e36a9-130e-4445-ba7b-d0f64d817389 Task completed at:2024-09-07T15:30:02.653Z
User_ID:123-1 Task_ID:1c3723bb-aed8-42ed-b327-32f70084dfff Task completed at:2024-09-07T15:30:03.982Z
User_ID:123-2 Task_ID:c140824d-e112-4b40-a18d-279b3291600b Task completed at:2024-09-07T15:30:10.795Z
User_ID:123-2 Task_ID:12fa1230-8316-40b5-91d9-7d02f58b1b86 Task completed at:2024-09-07T15:40:14.058Z
User_ID:123-2 Task_ID:1da9db68-561e-487f-b8bd-08415c3f302c Task completed at:2024-09-07T15:40:16.694Z
User_ID:123-2 Task_ID:08c8d0a4-dafd-4c60-ab17-53fa015b10ae Task completed at:2024-09-07T15:40:19.282Z
User_ID:123-2 Task_ID:c9736252-df43-40c1-b45c-19d22592a446 Task completed at:2024-09-07T15:40:21.782Z
User_ID:123-2 Task_ID:993ebfe4-e122-4946-bc39-7d93c3bbd920 Task completed at:2024-09-07T15:40:24.440Z
User_ID:123-2 Task_ID:411ee115-5449-4d14-91e3-acbcc3d6f966 Task completed at:2024-09-07T15:40:27.093Z
User_ID:123-2 Task_ID:9a274a6f-3e73-4c8d-8af8-8ec562a4bde0 Task completed at:2024-09-07T15:40:29.692Z
User_ID:123-2 Task_ID:58800767-ea6e-42bb-a134-c0952bc6ec01 Task completed at:2024-09-07T15:40:32.346Z
User_ID:123-2 Task_ID:4c39b5bf-4273-4db1-8ef0-c1a6056ef6e3 Task completed at:2024-09-07T15:40:35.042Z
User_ID:123-2 Task_ID:a4fd758d-5194-4b91-b673-ab4b2cc1c846 Task completed at:2024-09-07T15:40:37.777Z
User_ID:123-2 Task_ID:3f13db9f-d8a8-49d3-a844-6f6fb6faa982 Task completed at:2024-09-07T15:40:40.172Z
User_ID:123-2 Task_ID:37c8689b-a29d-42c4-8743-51afdbcc6958 Task completed at:2024-09-07T15:40:41.549Z
User_ID:123-2 Task_ID:e32a03fe-11f9-41b1-8f8c-5afc7a71434d Task completed at:2024-09-07T15:40:42.730Z
User_ID:123-2 Task_ID:17357db3-1bed-45da-aca0-e4973aae12d3 Task completed at:2024-09-07T15:40:43.870Z
User_ID:123-2 Task_ID:843db3c0-47c3-4837-9813-241600abeb26 Task completed at:2024-09-07T15:40:45.139Z
User_ID:123-2 Task_ID:284edfcf-32c7-4ee1-89be-747bdb054f51 Task completed at:2024-09-07T15:40:46.301Z
User_ID:123-2 Task_ID:db978f53-6b42-4a80-be67-9b4cd1e2b6b3 Task completed at:2024-09-07T15:40:47.618Z
User_ID:123-2 Task_ID:caee97bb-623b-48f6-a89a-fc2e682994bd Task completed at:2024-09-07T15:40:48.708Z
User_ID:123-2 Task_ID:5d5a9c77-aaf7-473a-921e-95ba061ef158 Task completed at:2024-09-07T15:40:49.855Z
User_ID:123-2 Task_ID:e6704546-b3b3-4e7b-a93f-8d603cca3011 Task completed at:2024-09-07T15:40:51.073Z
User_ID:123-2 Task_ID:43e278a3-11e4-4505-9aba-8d6680546090 Task completed at:2024-09-07T15:40:52.156Z
User_ID:123-2 Task_ID:6e87f6a0-e17b-42e5-8289-d54d148fbb16 Task completed at:2024-09-07T15:40:53.264Z
User_ID:123-2 Task_ID:39f6de64-7d67-4e92-b689-49259fc66ac7 Task completed at:2024-09-07T15:40:54.415Z
User_ID:123-2 Task_ID:cb10a3d0-4ab3-4801-a690-9e86e7e81cfc Task completed at:2024-09-07T15:40:55.529Z
User_ID:123-1 Task_ID:97f671bd-c6d3-49ca-bad3-0250ca39c43c Task completed at:2024-09-07T15:41:03.911Z
User_ID:123-1 Task_ID:8aebfbb1-8f97-46f1-b6e9-a405b7eab40f Task completed at:2024-09-07T15:41:06.490Z
User_ID:123-1 Task_ID:3d7f9697-8b05-4f3c-8553-4a5633b1d8fe Task completed at:2024-09-07T15:41:09.066Z
User_ID:123-1 Task_ID:129c035b-c90f-4f8d-b137-2ed8d14efa5c Task completed at:2024-09-07T15:41:11.683Z
User_ID:123-1 Task_ID:b3c9efbc-11ae-43c4-82dc-2dd8c90cc506 Task completed at:2024-09-07T15:41:14.235Z
User_ID:123-1 Task_ID:08eea436-1607-4bec-bd66-ac8a1baa349e Task completed at:2024-09-07T15:41:16.706Z
User_ID:123-1 Task_ID:fdaac212-a11a-4749-b5bf-deb6310ee3c4 Task completed at:2024-09-07T15:41:19.099Z
User_ID:123-1 Task_ID:ae457d5e-1094-4f5f-a117-d594304884df Task completed at:2024-09-07T15:41:20.436Z
User_ID:123-1 Task_ID:58bccb0d-41db-42c8-8ee2-acfebda9f60a Task completed at:2024-09-07T15:41:21.615Z
User_ID:123-1 Task_ID:47e4f146-037d-4b5e-9d01-de1e7643a4d2 Task completed at:2024-09-07T15:41:22.889Z
User_ID:123-1 Task_ID:f083e3fe-ba8c-4ab9-aec2-2ec76ea88dd5 Task completed at:2024-09-07T15:41:24.213Z
User_ID:123-1 Task_ID:d57cba1e-d051-48de-addf-77726a9f4f9d Task completed at:2024-09-07T15:41:25.510Z
User_ID:123-1 Task_ID:ff5dab7a-09df-463e-a129-47e612a66dca Task completed at:2024-09-07T15:41:26.757Z
User_ID:123-1 Task_ID:c17c0a02-c789-47c9-b836-797fbb90361f Task completed at:2024-09-07T15:41:27.975Z
User_ID:123-1 Task_ID:2f6f478f-2384-42e0-8b17-efd6b9865f45 Task completed at:2024-09-07T15:41:29.267Z
User_ID:123-1 Task_ID:0197370f-0b36-4e5c-aaec-feecb94b38dc Task completed at:2024-09-07T15:41:30.437Z
User_ID:123-1 Task_ID:740669a5-182c-4ea2-bbce-2b9639ff1f3c Task completed at:2024-09-07T15:41:31.704Z
User_ID:123-1 Task_ID:7234ee95-8938-41e2-a082-7d8582b6691f Task completed at:2024-09-07T15:41:32.791Z
User_ID:123-1 Task_ID:eea9eea7-82e8-4277-9551-718f47c7b5a0 Task completed at:2024-09-07T15:41:34.001Z
User_ID:123-1 Task_ID:92ddc4ce-7612-4680-a606-8bda89dee393 Task completed at:2024-09-07T15:41:35.251Z
